<?xml version="1.0" encoding="UTF-8"?>
<!-- Generated by org.testng.reporters.JUnitReportReporter -->
<testsuite hostname="5CD138MBGZ" failures="0" tests="1" name="testCases.TC_001_LoginTest" time="2.027" errors="0" timestamp="2023-06-10T14:09:52 IST" skipped="0">
  <testcase classname="testCases.TC_001_LoginTest" name="test_login" time="2.027"/>
  <system-out/>
</testsuite> <!-- testCases.TC_001_LoginTest -->
