<?xml version="1.0" encoding="UTF-8"?>
<!-- Generated by org.testng.reporters.JUnitReportReporter -->
<testsuite hostname="5CD138MBGZ" failures="0" tests="1" name="testCases.TC_001_LoginTest" time="2.744" errors="0" timestamp="2023-06-15T13:50:29 IST" skipped="0">
  <testcase classname="testCases.TC_001_LoginTest" name="test_login" time="2.744"/>
  <system-out/>
</testsuite> <!-- testCases.TC_001_LoginTest -->
